Using pre-set license
Built from '2020.3/release' branch; Version is '2020.3.1f1 (77a89f25062f) revision 7841951'; Using compiler version '192528614'; Build Type 'Release'
OS: 'Windows 10 Home; OS build 19042.804; Version 2009; 64bit' Language: 'en' Physical Memory: 8075 MB
BatchMode: 1, IsHumanControllingUs: 0, StartBugReporterOnCrash: 0, Is64bit: 1, IsPro: 0

 COMMAND LINE ARGUMENTS:
D:\UnityHub\UnityEditor\2020.3.1f1\Editor\Unity.exe
-adb2
-batchMode
-noUpm
-name
AssetImportWorker0
-projectPath
D:/bewijzenmap/stage1/ARGAME/Fat-To-Fit/Fat-To-Fit-TouchGame
-logFile
Logs/AssetImportWorker0.log
-srvPort
50564
Successfully changed project path to: D:/bewijzenmap/stage1/ARGAME/Fat-To-Fit/Fat-To-Fit-TouchGame
D:/bewijzenmap/stage1/ARGAME/Fat-To-Fit/Fat-To-Fit-TouchGame
Using Asset Import Pipeline V2.
Refreshing native plugins compatible for Editor in 26.42 ms, found 0 plugins.
Preloading 0 native plugins for Editor in 0.00 ms.
Initialize engine version: 2020.3.1f1 (77a89f25062f)
[Subsystems] Discovering subsystems at path D:/UnityHub/UnityEditor/2020.3.1f1/Editor/Data/Resources/UnitySubsystems
[Subsystems] Discovering subsystems at path D:/bewijzenmap/stage1/ARGAME/Fat-To-Fit/Fat-To-Fit-TouchGame/Assets
GfxDevice: creating device client; threaded=0
Direct3D:
    Version:  Direct3D 11.0 [level 11.1]
    Renderer: Intel(R) HD Graphics 630 (ID=0x591b)
    Vendor:   
    VRAM:     4037 MB
    Driver:   22.20.16.4749
Initialize mono
Mono path[0] = 'D:/UnityHub/UnityEditor/2020.3.1f1/Editor/Data/Managed'
Mono path[1] = 'D:/UnityHub/UnityEditor/2020.3.1f1/Editor/Data/MonoBleedingEdge/lib/mono/unityjit'
Mono config path = 'D:/UnityHub/UnityEditor/2020.3.1f1/Editor/Data/MonoBleedingEdge/etc'
Using monoOptions --debugger-agent=transport=dt_socket,embedding=1,server=y,suspend=n,address=127.0.0.1:56368
Begin MonoManager ReloadAssembly
Registering precompiled unity dll's ...
Register platform support module: D:/UnityHub/UnityEditor/2020.3.1f1/Editor/Data/PlaybackEngines/WindowsStandaloneSupport/UnityEditor.WindowsStandalone.Extensions.dll
Registered in 0.001807 seconds.
Native extension for WindowsStandalone target not found
Refreshing native plugins compatible for Editor in 25.76 ms, found 0 plugins.
Preloading 0 native plugins for Editor in 0.00 ms.
Invoked RoslynAnalysisRunner static constructor.
RoslynAnalysisRunner will not be running.
RoslynAnalysisRunner has terminated.
Mono: successfully reloaded assembly
- Completed reload, in  2.617 seconds
Platform modules already initialized, skipping
Registering precompiled user dll's ...
Registered in 0.000747 seconds.
Begin MonoManager ReloadAssembly
Native extension for WindowsStandalone target not found
Refreshing native plugins compatible for Editor in 0.20 ms, found 0 plugins.
Preloading 0 native plugins for Editor in 0.00 ms.
Invoked RoslynAnalysisRunner static constructor.
RoslynAnalysisRunner will not be running.
RoslynAnalysisRunner has terminated.
Mono: successfully reloaded assembly
- Completed reload, in  0.900 seconds
Platform modules already initialized, skipping
========================================================================
Worker process is ready to serve import requests
Launched and connected shader compiler UnityShaderCompiler.exe after 0.06 seconds
Refreshing native plugins compatible for Editor in 0.22 ms, found 0 plugins.
Preloading 0 native plugins for Editor in 0.00 ms.
Unloading 1113 Unused Serialized files (Serialized files now loaded: 0)
System memory in use before: 56.9 MB.
System memory in use after: 56.9 MB.

Unloading 10 unused Assets to reduce memory usage. Loaded Objects now: 1555.
Total: 1.849200 ms (FindLiveObjects: 0.168600 ms CreateObjectMapping: 0.045500 ms MarkObjects: 1.546200 ms  DeleteObjects: 0.087600 ms)

========================================================================
Received Import Request.
  path: Assets/Scenes
  artifactKey: Guid(7846bb7da0ecb6546b52d5ff89dabb7c) Importer(815301076,1909f56bfc062723c751e8b465ee728b)
Start importing Assets/Scenes using Guid(7846bb7da0ecb6546b52d5ff89dabb7c) Importer(815301076,1909f56bfc062723c751e8b465ee728b)  -> (artifact id: '0b84034689e571249cff5c8668dbfa58') in 0.010767 seconds
  Import took 0.012910 seconds .

========================================================================
Received Import Request.
  Time since last request: 0.000323 seconds.
  path: Assets/Scenes/SampleScene.unity
  artifactKey: Guid(9fc0d4010bbf28b4594072e72b8655ab) Importer(815301076,1909f56bfc062723c751e8b465ee728b)
Start importing Assets/Scenes/SampleScene.unity using Guid(9fc0d4010bbf28b4594072e72b8655ab) Importer(815301076,1909f56bfc062723c751e8b465ee728b)  -> (artifact id: '9a0c7bd3eade52b464e03a3fa19ccb01') in 0.035689 seconds
  Import took 0.037841 seconds .

========================================================================
Received Import Request.
  Time since last request: 14.763131 seconds.
  path: Assets/Scenes/TouchGame.unity
  artifactKey: Guid(9fc0d4010bbf28b4594072e72b8655ab) Importer(815301076,1909f56bfc062723c751e8b465ee728b)
Start importing Assets/Scenes/TouchGame.unity using Guid(9fc0d4010bbf28b4594072e72b8655ab) Importer(815301076,1909f56bfc062723c751e8b465ee728b)  -> (artifact id: '0b727d61dacfb204b90ff7489d39ec03') in 0.018529 seconds
  Import took 0.024453 seconds .

========================================================================
Received Import Request.
  Time since last request: 20.834360 seconds.
  path: Assets/Scenes/TrackingGame.unity
  artifactKey: Guid(b943a8acbee711d4ea3a3ef751161b11) Importer(815301076,1909f56bfc062723c751e8b465ee728b)
Start importing Assets/Scenes/TrackingGame.unity using Guid(b943a8acbee711d4ea3a3ef751161b11) Importer(815301076,1909f56bfc062723c751e8b465ee728b)  -> (artifact id: '85736ae53492fcef30317eb1234b2899') in 0.013563 seconds
  Import took 0.015966 seconds .

AssetImportWorkerClient::OnTransportError - code=2 error=End of file
