Using pre-set license
Built from '2020.3/release' branch; Version is '2020.3.1f1 (77a89f25062f) revision 7841951'; Using compiler version '192528614'; Build Type 'Release'
OS: 'Windows 10 Home; OS build 19042.804; Version 2009; 64bit' Language: 'en' Physical Memory: 8075 MB
BatchMode: 1, IsHumanControllingUs: 0, StartBugReporterOnCrash: 0, Is64bit: 1, IsPro: 0

 COMMAND LINE ARGUMENTS:
D:\UnityHub\UnityEditor\2020.3.1f1\Editor\Unity.exe
-adb2
-batchMode
-noUpm
-name
AssetImportWorker0
-projectPath
D:/bewijzenmap/stage1/ARGAME/Fat-To-Fit/Fit-To-Fat-Game
-logFile
Logs/AssetImportWorker0.log
-srvPort
56217
Successfully changed project path to: D:/bewijzenmap/stage1/ARGAME/Fat-To-Fit/Fit-To-Fat-Game
D:/bewijzenmap/stage1/ARGAME/Fat-To-Fit/Fit-To-Fat-Game
Using Asset Import Pipeline V2.
Refreshing native plugins compatible for Editor in 61.29 ms, found 1 plugins.
Preloading 0 native plugins for Editor in 0.00 ms.
Initialize engine version: 2020.3.1f1 (77a89f25062f)
[Subsystems] Discovering subsystems at path D:/UnityHub/UnityEditor/2020.3.1f1/Editor/Data/Resources/UnitySubsystems
[Subsystems] Discovering subsystems at path D:/bewijzenmap/stage1/ARGAME/Fat-To-Fit/Fit-To-Fat-Game/Assets
GfxDevice: creating device client; threaded=0
Direct3D:
    Version:  Direct3D 11.0 [level 11.1]
    Renderer: Intel(R) HD Graphics 630 (ID=0x591b)
    Vendor:   
    VRAM:     4037 MB
    Driver:   22.20.16.4749
Initialize mono
Mono path[0] = 'D:/UnityHub/UnityEditor/2020.3.1f1/Editor/Data/Managed'
Mono path[1] = 'D:/UnityHub/UnityEditor/2020.3.1f1/Editor/Data/MonoBleedingEdge/lib/mono/unityjit'
Mono config path = 'D:/UnityHub/UnityEditor/2020.3.1f1/Editor/Data/MonoBleedingEdge/etc'
Using monoOptions --debugger-agent=transport=dt_socket,embedding=1,server=y,suspend=n,address=127.0.0.1:56832
Begin MonoManager ReloadAssembly
Registering precompiled unity dll's ...
Register platform support module: D:/UnityHub/UnityEditor/2020.3.1f1/Editor/Data/PlaybackEngines/WindowsStandaloneSupport/UnityEditor.WindowsStandalone.Extensions.dll
Registered in 0.001917 seconds.
Native extension for WindowsStandalone target not found
Refreshing native plugins compatible for Editor in 52.38 ms, found 1 plugins.
Preloading 0 native plugins for Editor in 0.00 ms.
Invoked RoslynAnalysisRunner static constructor.
RoslynAnalysisRunner will not be running.
RoslynAnalysisRunner has terminated.
Mono: successfully reloaded assembly
- Completed reload, in  3.021 seconds
Platform modules already initialized, skipping
Registering precompiled user dll's ...
Registered in 0.001383 seconds.
Begin MonoManager ReloadAssembly
Native extension for WindowsStandalone target not found
Refreshing native plugins compatible for Editor in 53.86 ms, found 1 plugins.
Preloading 0 native plugins for Editor in 0.00 ms.
Invoked RoslynAnalysisRunner static constructor.
RoslynAnalysisRunner will not be running.
RoslynAnalysisRunner has terminated.
Mono: successfully reloaded assembly
- Completed reload, in  1.338 seconds
Platform modules already initialized, skipping
========================================================================
Worker process is ready to serve import requests
Launched and connected shader compiler UnityShaderCompiler.exe after 0.07 seconds
Refreshing native plugins compatible for Editor in 0.48 ms, found 1 plugins.
Preloading 0 native plugins for Editor in 0.00 ms.
Unloading 2200 Unused Serialized files (Serialized files now loaded: 0)
System memory in use before: 96.8 MB.
System memory in use after: 96.9 MB.

Unloading 21 unused Assets to reduce memory usage. Loaded Objects now: 2651.
Total: 2.738100 ms (FindLiveObjects: 0.262700 ms CreateObjectMapping: 0.125100 ms MarkObjects: 2.246400 ms  DeleteObjects: 0.101100 ms)

========================================================================
Received Import Request.
  path: Assets/Blue.mat
  artifactKey: Guid(04fc004737191724a9aee8cda555413f) Importer(815301076,1909f56bfc062723c751e8b465ee728b)
Start importing Assets/Blue.mat using Guid(04fc004737191724a9aee8cda555413f) Importer(815301076,1909f56bfc062723c751e8b465ee728b)  -> (artifact id: '61dd16f9745594723ef7cf725e6772e9') in 0.456687 seconds
  Import took 0.461142 seconds .

========================================================================
Received Import Request.
  Time since last request: 0.000362 seconds.
  path: Assets/Red.mat
  artifactKey: Guid(c06bd5773ccdce148b0cbaafe30701fe) Importer(815301076,1909f56bfc062723c751e8b465ee728b)
Start importing Assets/Red.mat using Guid(c06bd5773ccdce148b0cbaafe30701fe) Importer(815301076,1909f56bfc062723c751e8b465ee728b)  -> (artifact id: 'ac4e23c7c094755f61549ddcf9e132c4') in 0.018446 seconds
  Import took 0.023595 seconds .

========================================================================
Received Import Request.
  Time since last request: 5.135826 seconds.
  path: Assets/Scenes/Touch GAME.unity
  artifactKey: Guid(9fc0d4010bbf28b4594072e72b8655ab) Importer(815301076,1909f56bfc062723c751e8b465ee728b)
Start importing Assets/Scenes/Touch GAME.unity using Guid(9fc0d4010bbf28b4594072e72b8655ab) Importer(815301076,1909f56bfc062723c751e8b465ee728b)  -> (artifact id: 'c1be87831959e55a67158cd9e599c0aa') in 0.016158 seconds
  Import took 0.022163 seconds .

========================================================================
Received Import Request.
  Time since last request: 7.866709 seconds.
  path: Assets/Scenes/Tracking_Game.unity
  artifactKey: Guid(e90ac81ad0c18f347b25d0190108335c) Importer(815301076,1909f56bfc062723c751e8b465ee728b)
Start importing Assets/Scenes/Tracking_Game.unity using Guid(e90ac81ad0c18f347b25d0190108335c) Importer(815301076,1909f56bfc062723c751e8b465ee728b)  -> (artifact id: '0dbbf9d5dfc341156139334460354eff') in 0.017003 seconds
  Import took 0.021490 seconds .

========================================================================
Received Import Request.
  Time since last request: 0.622035 seconds.
  path: Assets/Scenes/Trainer.unity
  artifactKey: Guid(a40f32f3517167443bc53b2cb904d332) Importer(815301076,1909f56bfc062723c751e8b465ee728b)
Start importing Assets/Scenes/Trainer.unity using Guid(a40f32f3517167443bc53b2cb904d332) Importer(815301076,1909f56bfc062723c751e8b465ee728b)  -> (artifact id: 'd3cb7a5d51fcf9fdd2d28235cd6d084b') in 0.015292 seconds
  Import took 0.019650 seconds .

========================================================================
Received Import Request.
  Time since last request: 25.379540 seconds.
  path: Assets/scripts/ObjectPooling.cs
  artifactKey: Guid(d92f91df4fe0af24a9a35504bb9eba04) Importer(815301076,1909f56bfc062723c751e8b465ee728b)
Start importing Assets/scripts/ObjectPooling.cs using Guid(d92f91df4fe0af24a9a35504bb9eba04) Importer(815301076,1909f56bfc062723c751e8b465ee728b)  -> (artifact id: '13432e7df0be2a21c17f925b060ce237') in 0.018054 seconds
  Import took 0.022695 seconds .

========================================================================
Received Import Request.
  Time since last request: 0.031587 seconds.
  path: Assets/scripts/ObjectPooling.cs
  artifactKey: Guid(d92f91df4fe0af24a9a35504bb9eba04) Importer(815301076,1909f56bfc062723c751e8b465ee728b)
Start importing Assets/scripts/ObjectPooling.cs using Guid(d92f91df4fe0af24a9a35504bb9eba04) Importer(815301076,1909f56bfc062723c751e8b465ee728b)  -> (artifact id: '13432e7df0be2a21c17f925b060ce237') in 0.006212 seconds
  Import took 0.019078 seconds .

========================================================================
Received Import Request.
  Time since last request: 50.466955 seconds.
  path: Assets/scripts/Mouse.cs
  artifactKey: Guid(3f22e53115755d242af620935b295414) Importer(815301076,1909f56bfc062723c751e8b465ee728b)
Start importing Assets/scripts/Mouse.cs using Guid(3f22e53115755d242af620935b295414) Importer(815301076,1909f56bfc062723c751e8b465ee728b)  -> (artifact id: 'c4920028ae3abfa11e032adb3914c23d') in 0.015804 seconds
  Import took 0.025163 seconds .

========================================================================
Received Import Request.
  Time since last request: 0.563233 seconds.
  path: Assets/scripts/IDeactivatable.cs
  artifactKey: Guid(780c9d3aa271c8a48b84edf10d44ba30) Importer(815301076,1909f56bfc062723c751e8b465ee728b)
Start importing Assets/scripts/IDeactivatable.cs using Guid(780c9d3aa271c8a48b84edf10d44ba30) Importer(815301076,1909f56bfc062723c751e8b465ee728b)  -> (artifact id: 'e632b824da490d9aa3b2ddb723f22791') in 0.016286 seconds
  Import took 0.022061 seconds .

========================================================================
Received Import Request.
  Time since last request: 0.000780 seconds.
  path: Assets/scripts/IDeactivatable.cs
  artifactKey: Guid(780c9d3aa271c8a48b84edf10d44ba30) Importer(815301076,1909f56bfc062723c751e8b465ee728b)
Start importing Assets/scripts/IDeactivatable.cs using Guid(780c9d3aa271c8a48b84edf10d44ba30) Importer(815301076,1909f56bfc062723c751e8b465ee728b)  -> (artifact id: 'e632b824da490d9aa3b2ddb723f22791') in 0.002832 seconds
  Import took 0.011309 seconds .

========================================================================
Received Import Request.
  Time since last request: 1.192942 seconds.
  path: Assets/scripts/DeactivateBall.cs
  artifactKey: Guid(5a9b6ebebf988b44eb6d3f88df87706a) Importer(815301076,1909f56bfc062723c751e8b465ee728b)
Start importing Assets/scripts/DeactivateBall.cs using Guid(5a9b6ebebf988b44eb6d3f88df87706a) Importer(815301076,1909f56bfc062723c751e8b465ee728b)  -> (artifact id: 'e03c3eaffeff10fe1a6c4be00a49fd29') in 0.015934 seconds
  Import took 0.023470 seconds .

========================================================================
Received Import Request.
  Time since last request: 0.000863 seconds.
  path: Assets/scripts/DeactivateBall.cs
  artifactKey: Guid(5a9b6ebebf988b44eb6d3f88df87706a) Importer(815301076,1909f56bfc062723c751e8b465ee728b)
Start importing Assets/scripts/DeactivateBall.cs using Guid(5a9b6ebebf988b44eb6d3f88df87706a) Importer(815301076,1909f56bfc062723c751e8b465ee728b)  -> (artifact id: 'e03c3eaffeff10fe1a6c4be00a49fd29') in 0.002793 seconds
  Import took 0.008662 seconds .

========================================================================
Received Import Request.
  Time since last request: 0.318509 seconds.
  path: Assets/scripts/BallSpawner.cs
  artifactKey: Guid(2f835e7012f0d9a4b89a42e8dcae2415) Importer(815301076,1909f56bfc062723c751e8b465ee728b)
Start importing Assets/scripts/BallSpawner.cs using Guid(2f835e7012f0d9a4b89a42e8dcae2415) Importer(815301076,1909f56bfc062723c751e8b465ee728b)  -> (artifact id: '7446034dbb9f2955c43286a6e40340b8') in 0.018590 seconds
  Import took 0.026242 seconds .

========================================================================
Received Import Request.
  Time since last request: 1.202867 seconds.
  path: Assets/scripts/Trainer Movement/ArmRotator.cs
  artifactKey: Guid(bbe51a44648d70748893750c703776d6) Importer(815301076,1909f56bfc062723c751e8b465ee728b)
Start importing Assets/scripts/Trainer Movement/ArmRotator.cs using Guid(bbe51a44648d70748893750c703776d6) Importer(815301076,1909f56bfc062723c751e8b465ee728b)  -> (artifact id: 'd39149e5031c02c026f9d7f9db08a60f') in 0.003043 seconds
  Import took 0.009714 seconds .

========================================================================
Received Import Request.
  Time since last request: 0.337779 seconds.
  path: Assets/scripts/Trainer Movement/Detector.cs
  artifactKey: Guid(4c27b13d201af4f43af37a43c01ef7d6) Importer(815301076,1909f56bfc062723c751e8b465ee728b)
Start importing Assets/scripts/Trainer Movement/Detector.cs using Guid(4c27b13d201af4f43af37a43c01ef7d6) Importer(815301076,1909f56bfc062723c751e8b465ee728b)  -> (artifact id: 'fd324e2fc609b5fa8ceb1cd3816f93ef') in 0.016242 seconds
  Import took 0.021051 seconds .

========================================================================
Received Import Request.
  Time since last request: 0.002573 seconds.
  path: Assets/scripts/Trainer Movement/Detector.cs
  artifactKey: Guid(4c27b13d201af4f43af37a43c01ef7d6) Importer(815301076,1909f56bfc062723c751e8b465ee728b)
Start importing Assets/scripts/Trainer Movement/Detector.cs using Guid(4c27b13d201af4f43af37a43c01ef7d6) Importer(815301076,1909f56bfc062723c751e8b465ee728b)  -> (artifact id: 'fd324e2fc609b5fa8ceb1cd3816f93ef') in 0.002873 seconds
  Import took 0.010744 seconds .

========================================================================
Received Import Request.
  Time since last request: 0.333447 seconds.
  path: Assets/scripts/Trainer Movement/HandCollision.cs
  artifactKey: Guid(32b043b4dd13d4844a9edac4920b90d2) Importer(815301076,1909f56bfc062723c751e8b465ee728b)
Start importing Assets/scripts/Trainer Movement/HandCollision.cs using Guid(32b043b4dd13d4844a9edac4920b90d2) Importer(815301076,1909f56bfc062723c751e8b465ee728b)  -> (artifact id: '35f41bb0fc6cd50dd7733af3c162e6a6') in 0.002797 seconds
  Import took 0.014149 seconds .

========================================================================
Received Prepare
Registering precompiled user dll's ...
Registered in 0.001086 seconds.
Begin MonoManager ReloadAssembly
Native extension for WindowsStandalone target not found
Refreshing native plugins compatible for Editor in 0.56 ms, found 1 plugins.
Preloading 0 native plugins for Editor in 0.00 ms.
Invoked RoslynAnalysisRunner static constructor.
RoslynAnalysisRunner will not be running.
RoslynAnalysisRunner has terminated.
Mono: successfully reloaded assembly
- Completed reload, in  1.244 seconds
Platform modules already initialized, skipping
Switching build target platform(5) subTarget(0) extendedPlatform(0) -> platform(13) subTarget(524288) extendedPlatform(0)
Refreshing native plugins compatible for Editor in 0.53 ms, found 1 plugins.
Preloading 0 native plugins for Editor in 0.00 ms.
Unloading 2187 Unused Serialized files (Serialized files now loaded: 0)
System memory in use before: 99.3 MB.
System memory in use after: 99.4 MB.

Unloading 10 unused Assets to reduce memory usage. Loaded Objects now: 2696.
Total: 4.104400 ms (FindLiveObjects: 0.303600 ms CreateObjectMapping: 1.028000 ms MarkObjects: 2.639600 ms  DeleteObjects: 0.131800 ms)

AssetImportParameters requested are different than current active one (requested -> active):
  custom:graphics/normal-map-encoding: 01000000000000000000000000000000 -> 02000000000000000000000000000000
========================================================================
Received Prepare
Registering precompiled user dll's ...
Registered in 0.001282 seconds.
Begin MonoManager ReloadAssembly
Native extension for WindowsStandalone target not found
Refreshing native plugins compatible for Editor in 0.60 ms, found 1 plugins.
Preloading 0 native plugins for Editor in 0.00 ms.
Invoked RoslynAnalysisRunner static constructor.
RoslynAnalysisRunner will not be running.
RoslynAnalysisRunner has terminated.
Mono: successfully reloaded assembly
- Completed reload, in  1.403 seconds
Platform modules already initialized, skipping
Switching build target platform(5) subTarget(0) extendedPlatform(0) -> platform(13) subTarget(524288) extendedPlatform(0)
Refreshing native plugins compatible for Editor in 0.50 ms, found 1 plugins.
Preloading 0 native plugins for Editor in 0.00 ms.
Unloading 2187 Unused Serialized files (Serialized files now loaded: 0)
System memory in use before: 99.4 MB.
System memory in use after: 99.5 MB.

Unloading 10 unused Assets to reduce memory usage. Loaded Objects now: 2701.
Total: 3.350900 ms (FindLiveObjects: 0.288100 ms CreateObjectMapping: 0.161500 ms MarkObjects: 2.798000 ms  DeleteObjects: 0.100900 ms)

AssetImportParameters requested are different than current active one (requested -> active):
  custom:graphics/normal-map-encoding: 01000000000000000000000000000000 -> 02000000000000000000000000000000
========================================================================
Received Prepare
Registering precompiled user dll's ...
Registered in 0.001213 seconds.
Begin MonoManager ReloadAssembly
Native extension for WindowsStandalone target not found
Refreshing native plugins compatible for Editor in 0.43 ms, found 1 plugins.
Preloading 0 native plugins for Editor in 0.00 ms.
Invoked RoslynAnalysisRunner static constructor.
RoslynAnalysisRunner will not be running.
RoslynAnalysisRunner has terminated.
Mono: successfully reloaded assembly
- Completed reload, in  1.138 seconds
Platform modules already initialized, skipping
Switching build target platform(5) subTarget(0) extendedPlatform(0) -> platform(13) subTarget(524288) extendedPlatform(0)
Refreshing native plugins compatible for Editor in 0.51 ms, found 1 plugins.
Preloading 0 native plugins for Editor in 0.00 ms.
Unloading 2187 Unused Serialized files (Serialized files now loaded: 0)
System memory in use before: 99.4 MB.
System memory in use after: 99.5 MB.

Unloading 10 unused Assets to reduce memory usage. Loaded Objects now: 2706.
Total: 2.989300 ms (FindLiveObjects: 0.307500 ms CreateObjectMapping: 0.134200 ms MarkObjects: 2.390300 ms  DeleteObjects: 0.155100 ms)

AssetImportParameters requested are different than current active one (requested -> active):
  custom:graphics/normal-map-encoding: 01000000000000000000000000000000 -> 02000000000000000000000000000000
========================================================================
Received Prepare
Registering precompiled user dll's ...
Registered in 0.017266 seconds.
Begin MonoManager ReloadAssembly
Native extension for WindowsStandalone target not found
Refreshing native plugins compatible for Editor in 0.46 ms, found 1 plugins.
Preloading 0 native plugins for Editor in 0.00 ms.
Invoked RoslynAnalysisRunner static constructor.
RoslynAnalysisRunner will not be running.
RoslynAnalysisRunner has terminated.
Mono: successfully reloaded assembly
- Completed reload, in  1.459 seconds
Platform modules already initialized, skipping
Switching build target platform(5) subTarget(0) extendedPlatform(0) -> platform(13) subTarget(524288) extendedPlatform(0)
Refreshing native plugins compatible for Editor in 0.67 ms, found 1 plugins.
Preloading 0 native plugins for Editor in 0.00 ms.
Unloading 2187 Unused Serialized files (Serialized files now loaded: 0)
System memory in use before: 99.4 MB.
System memory in use after: 99.5 MB.

Unloading 10 unused Assets to reduce memory usage. Loaded Objects now: 2711.
Total: 8.303600 ms (FindLiveObjects: 0.422900 ms CreateObjectMapping: 0.197700 ms MarkObjects: 7.550000 ms  DeleteObjects: 0.130100 ms)

AssetImportParameters requested are different than current active one (requested -> active):
  custom:graphics/normal-map-encoding: 01000000000000000000000000000000 -> 02000000000000000000000000000000
========================================================================
Received Prepare
Registering precompiled user dll's ...
Registered in 0.001160 seconds.
Begin MonoManager ReloadAssembly
Native extension for WindowsStandalone target not found
Refreshing native plugins compatible for Editor in 0.63 ms, found 1 plugins.
Preloading 0 native plugins for Editor in 0.00 ms.
Invoked RoslynAnalysisRunner static constructor.
RoslynAnalysisRunner will not be running.
RoslynAnalysisRunner has terminated.
Mono: successfully reloaded assembly
- Completed reload, in  4.554 seconds
Platform modules already initialized, skipping
Switching build target platform(5) subTarget(0) extendedPlatform(0) -> platform(13) subTarget(524288) extendedPlatform(0)
Refreshing native plugins compatible for Editor in 0.62 ms, found 1 plugins.
Preloading 0 native plugins for Editor in 0.00 ms.
Unloading 2187 Unused Serialized files (Serialized files now loaded: 0)
System memory in use before: 99.5 MB.
System memory in use after: 99.6 MB.

Unloading 10 unused Assets to reduce memory usage. Loaded Objects now: 2716.
Total: 5.925200 ms (FindLiveObjects: 1.341200 ms CreateObjectMapping: 1.293500 ms MarkObjects: 3.203500 ms  DeleteObjects: 0.082700 ms)

AssetImportParameters requested are different than current active one (requested -> active):
  custom:graphics/normal-map-encoding: 01000000000000000000000000000000 -> 02000000000000000000000000000000
========================================================================
Received Prepare
Registering precompiled user dll's ...
Registered in 0.001265 seconds.
Begin MonoManager ReloadAssembly
Native extension for WindowsStandalone target not found
Refreshing native plugins compatible for Editor in 0.49 ms, found 1 plugins.
Preloading 0 native plugins for Editor in 0.00 ms.
Invoked RoslynAnalysisRunner static constructor.
RoslynAnalysisRunner will not be running.
RoslynAnalysisRunner has terminated.
Mono: successfully reloaded assembly
- Completed reload, in  2.409 seconds
Platform modules already initialized, skipping
Switching build target platform(5) subTarget(0) extendedPlatform(0) -> platform(13) subTarget(524288) extendedPlatform(0)
Refreshing native plugins compatible for Editor in 0.52 ms, found 1 plugins.
Preloading 0 native plugins for Editor in 0.00 ms.
Unloading 2187 Unused Serialized files (Serialized files now loaded: 0)
System memory in use before: 99.6 MB.
System memory in use after: 99.6 MB.

Unloading 10 unused Assets to reduce memory usage. Loaded Objects now: 2721.
Total: 3.483100 ms (FindLiveObjects: 0.753600 ms CreateObjectMapping: 0.208900 ms MarkObjects: 2.434400 ms  DeleteObjects: 0.084400 ms)

AssetImportParameters requested are different than current active one (requested -> active):
  custom:graphics/normal-map-encoding: 01000000000000000000000000000000 -> 02000000000000000000000000000000
========================================================================
Received Prepare
Registering precompiled user dll's ...
Registered in 0.001636 seconds.
Begin MonoManager ReloadAssembly
Native extension for WindowsStandalone target not found
Refreshing native plugins compatible for Editor in 0.48 ms, found 1 plugins.
Preloading 0 native plugins for Editor in 0.00 ms.
Invoked RoslynAnalysisRunner static constructor.
RoslynAnalysisRunner will not be running.
RoslynAnalysisRunner has terminated.
Mono: successfully reloaded assembly
- Completed reload, in  1.224 seconds
Platform modules already initialized, skipping
Switching build target platform(5) subTarget(0) extendedPlatform(0) -> platform(13) subTarget(524288) extendedPlatform(0)
Refreshing native plugins compatible for Editor in 0.53 ms, found 1 plugins.
Preloading 0 native plugins for Editor in 0.00 ms.
Unloading 2187 Unused Serialized files (Serialized files now loaded: 0)
System memory in use before: 99.6 MB.
System memory in use after: 99.7 MB.

Unloading 10 unused Assets to reduce memory usage. Loaded Objects now: 2726.
Total: 3.048800 ms (FindLiveObjects: 0.274400 ms CreateObjectMapping: 0.137100 ms MarkObjects: 2.555000 ms  DeleteObjects: 0.080700 ms)

AssetImportParameters requested are different than current active one (requested -> active):
  custom:graphics/normal-map-encoding: 01000000000000000000000000000000 -> 02000000000000000000000000000000
========================================================================
Received Prepare
Registering precompiled user dll's ...
Registered in 0.001631 seconds.
Begin MonoManager ReloadAssembly
Native extension for WindowsStandalone target not found
Refreshing native plugins compatible for Editor in 0.50 ms, found 1 plugins.
Preloading 0 native plugins for Editor in 0.00 ms.
Invoked RoslynAnalysisRunner static constructor.
RoslynAnalysisRunner will not be running.
RoslynAnalysisRunner has terminated.
Mono: successfully reloaded assembly
- Completed reload, in  1.187 seconds
Platform modules already initialized, skipping
Switching build target platform(5) subTarget(0) extendedPlatform(0) -> platform(13) subTarget(524288) extendedPlatform(0)
Refreshing native plugins compatible for Editor in 0.57 ms, found 1 plugins.
Preloading 0 native plugins for Editor in 0.00 ms.
Unloading 2187 Unused Serialized files (Serialized files now loaded: 0)
System memory in use before: 99.6 MB.
System memory in use after: 99.8 MB.

Unloading 10 unused Assets to reduce memory usage. Loaded Objects now: 2731.
Total: 2.978400 ms (FindLiveObjects: 0.277700 ms CreateObjectMapping: 0.135000 ms MarkObjects: 2.446400 ms  DeleteObjects: 0.116800 ms)

AssetImportParameters requested are different than current active one (requested -> active):
  custom:graphics/normal-map-encoding: 01000000000000000000000000000000 -> 02000000000000000000000000000000
========================================================================
Received Prepare
Registering precompiled user dll's ...
Registered in 0.001226 seconds.
Begin MonoManager ReloadAssembly
Native extension for WindowsStandalone target not found
Refreshing native plugins compatible for Editor in 0.63 ms, found 1 plugins.
Preloading 0 native plugins for Editor in 0.00 ms.
Invoked RoslynAnalysisRunner static constructor.
RoslynAnalysisRunner will not be running.
RoslynAnalysisRunner has terminated.
Mono: successfully reloaded assembly
- Completed reload, in  1.477 seconds
Platform modules already initialized, skipping
Switching build target platform(5) subTarget(0) extendedPlatform(0) -> platform(13) subTarget(524288) extendedPlatform(0)
Refreshing native plugins compatible for Editor in 0.57 ms, found 1 plugins.
Preloading 0 native plugins for Editor in 0.00 ms.
Unloading 2187 Unused Serialized files (Serialized files now loaded: 0)
System memory in use before: 99.6 MB.
System memory in use after: 99.8 MB.

Unloading 10 unused Assets to reduce memory usage. Loaded Objects now: 2736.
Total: 3.646700 ms (FindLiveObjects: 0.538700 ms CreateObjectMapping: 0.276300 ms MarkObjects: 2.656500 ms  DeleteObjects: 0.173000 ms)

AssetImportParameters requested are different than current active one (requested -> active):
  custom:graphics/normal-map-encoding: 01000000000000000000000000000000 -> 02000000000000000000000000000000
========================================================================
Received Prepare
Registering precompiled user dll's ...
Registered in 0.003220 seconds.
Begin MonoManager ReloadAssembly
Native extension for WindowsStandalone target not found
Refreshing native plugins compatible for Editor in 0.49 ms, found 1 plugins.
Preloading 0 native plugins for Editor in 0.00 ms.
Invoked RoslynAnalysisRunner static constructor.
RoslynAnalysisRunner will not be running.
RoslynAnalysisRunner has terminated.
Mono: successfully reloaded assembly
- Completed reload, in  1.334 seconds
Platform modules already initialized, skipping
Switching build target platform(5) subTarget(0) extendedPlatform(0) -> platform(13) subTarget(524288) extendedPlatform(0)
Refreshing native plugins compatible for Editor in 0.55 ms, found 1 plugins.
Preloading 0 native plugins for Editor in 0.00 ms.
Unloading 2187 Unused Serialized files (Serialized files now loaded: 0)
System memory in use before: 99.6 MB.
System memory in use after: 99.8 MB.

Unloading 10 unused Assets to reduce memory usage. Loaded Objects now: 2741.
Total: 3.112000 ms (FindLiveObjects: 0.307300 ms CreateObjectMapping: 0.308700 ms MarkObjects: 2.376400 ms  DeleteObjects: 0.117900 ms)

AssetImportParameters requested are different than current active one (requested -> active):
  custom:graphics/normal-map-encoding: 01000000000000000000000000000000 -> 02000000000000000000000000000000
AssetImportWorkerClient::OnTransportError - code=2 error=End of file
