Using pre-set license
Built from '2020.3/release' branch; Version is '2020.3.1f1 (77a89f25062f) revision 7841951'; Using compiler version '192528614'; Build Type 'Release'
OS: 'Windows 10 Home; OS build 19042.804; Version 2009; 64bit' Language: 'en' Physical Memory: 8075 MB
BatchMode: 1, IsHumanControllingUs: 0, StartBugReporterOnCrash: 0, Is64bit: 1, IsPro: 0

 COMMAND LINE ARGUMENTS:
D:\UnityHub\UnityEditor\2020.3.1f1\Editor\Unity.exe
-adb2
-batchMode
-noUpm
-name
AssetImportWorker2
-projectPath
D:/bewijzenmap/stage1/ARGAME/Fat-To-Fit/Fit-To-Fat-Game
-logFile
Logs/AssetImportWorker2.log
-srvPort
53986
Successfully changed project path to: D:/bewijzenmap/stage1/ARGAME/Fat-To-Fit/Fit-To-Fat-Game
D:/bewijzenmap/stage1/ARGAME/Fat-To-Fit/Fit-To-Fat-Game
Using Asset Import Pipeline V2.
Refreshing native plugins compatible for Editor in 46.75 ms, found 1 plugins.
Preloading 0 native plugins for Editor in 0.00 ms.
Initialize engine version: 2020.3.1f1 (77a89f25062f)
[Subsystems] Discovering subsystems at path D:/UnityHub/UnityEditor/2020.3.1f1/Editor/Data/Resources/UnitySubsystems
[Subsystems] Discovering subsystems at path D:/bewijzenmap/stage1/ARGAME/Fat-To-Fit/Fit-To-Fat-Game/Assets
GfxDevice: creating device client; threaded=0
Direct3D:
    Version:  Direct3D 11.0 [level 11.1]
    Renderer: Intel(R) HD Graphics 630 (ID=0x591b)
    Vendor:   
    VRAM:     4037 MB
    Driver:   22.20.16.4749
Initialize mono
Mono path[0] = 'D:/UnityHub/UnityEditor/2020.3.1f1/Editor/Data/Managed'
Mono path[1] = 'D:/UnityHub/UnityEditor/2020.3.1f1/Editor/Data/MonoBleedingEdge/lib/mono/unityjit'
Mono config path = 'D:/UnityHub/UnityEditor/2020.3.1f1/Editor/Data/MonoBleedingEdge/etc'
Using monoOptions --debugger-agent=transport=dt_socket,embedding=1,server=y,suspend=n,address=127.0.0.1:56972
Begin MonoManager ReloadAssembly
Registering precompiled unity dll's ...
Register platform support module: D:/UnityHub/UnityEditor/2020.3.1f1/Editor/Data/PlaybackEngines/WindowsStandaloneSupport/UnityEditor.WindowsStandalone.Extensions.dll
Registered in 0.001299 seconds.
Native extension for WindowsStandalone target not found
Refreshing native plugins compatible for Editor in 49.26 ms, found 1 plugins.
Preloading 0 native plugins for Editor in 0.00 ms.
Invoked RoslynAnalysisRunner static constructor.
RoslynAnalysisRunner will not be running.
RoslynAnalysisRunner has terminated.
Mono: successfully reloaded assembly
- Completed reload, in  3.027 seconds
Platform modules already initialized, skipping
Registering precompiled user dll's ...
Registered in 0.000992 seconds.
Begin MonoManager ReloadAssembly
Native extension for WindowsStandalone target not found
Refreshing native plugins compatible for Editor in 42.66 ms, found 1 plugins.
Preloading 0 native plugins for Editor in 0.00 ms.
Invoked RoslynAnalysisRunner static constructor.
RoslynAnalysisRunner will not be running.
RoslynAnalysisRunner has terminated.
Mono: successfully reloaded assembly
- Completed reload, in  1.841 seconds
Platform modules already initialized, skipping
========================================================================
Worker process is ready to serve import requests
Launched and connected shader compiler UnityShaderCompiler.exe after 0.24 seconds
Refreshing native plugins compatible for Editor in 0.37 ms, found 1 plugins.
Preloading 0 native plugins for Editor in 0.00 ms.
Unloading 1808 Unused Serialized files (Serialized files now loaded: 0)
System memory in use before: 84.7 MB.
System memory in use after: 84.8 MB.

Unloading 19 unused Assets to reduce memory usage. Loaded Objects now: 2258.
Total: 2.367200 ms (FindLiveObjects: 0.200900 ms CreateObjectMapping: 0.077600 ms MarkObjects: 1.946300 ms  DeleteObjects: 0.140700 ms)

========================================================================
Received Import Request.
  path: Assets/ObjectPooling.cs
  artifactKey: Guid(d92f91df4fe0af24a9a35504bb9eba04) Importer(815301076,1909f56bfc062723c751e8b465ee728b)
Start importing Assets/ObjectPooling.cs using Guid(d92f91df4fe0af24a9a35504bb9eba04) Importer(815301076,1909f56bfc062723c751e8b465ee728b)  -> (artifact id: '7cbecf50f360d80608e630d8749d7bf0') in 0.146447 seconds
  Import took 0.149827 seconds .

========================================================================
Received Prepare
Registering precompiled user dll's ...
Registered in 0.001061 seconds.
Begin MonoManager ReloadAssembly
Native extension for WindowsStandalone target not found
Refreshing native plugins compatible for Editor in 0.36 ms, found 1 plugins.
Preloading 0 native plugins for Editor in 0.00 ms.
Invoked RoslynAnalysisRunner static constructor.
RoslynAnalysisRunner will not be running.
RoslynAnalysisRunner has terminated.
Mono: successfully reloaded assembly
- Completed reload, in  1.118 seconds
Platform modules already initialized, skipping
Switching build target platform(5) subTarget(0) extendedPlatform(0) -> platform(13) subTarget(537395200) extendedPlatform(0)
Refreshing native plugins compatible for Editor in 0.45 ms, found 1 plugins.
Preloading 0 native plugins for Editor in 0.00 ms.
Unloading 1802 Unused Serialized files (Serialized files now loaded: 0)
System memory in use before: 84.4 MB.
System memory in use after: 84.5 MB.

Unloading 8 unused Assets to reduce memory usage. Loaded Objects now: 2262.
Total: 2.117100 ms (FindLiveObjects: 0.206400 ms CreateObjectMapping: 0.080100 ms MarkObjects: 1.765300 ms  DeleteObjects: 0.063600 ms)

AssetImportParameters requested are different than current active one (requested -> active):
  custom:graphics/normal-map-encoding: 01000000000000000000000000000000 -> 02000000000000000000000000000000
========================================================================
Received Import Request.
  Time since last request: 28.758455 seconds.
  path: Assets/ObjectPooling.cs
  artifactKey: Guid(d92f91df4fe0af24a9a35504bb9eba04) Importer(815301076,1909f56bfc062723c751e8b465ee728b)
Start importing Assets/ObjectPooling.cs using Guid(d92f91df4fe0af24a9a35504bb9eba04) Importer(815301076,1909f56bfc062723c751e8b465ee728b)  -> (artifact id: '21750122bf79694a29c747302ec94c26') in 0.005667 seconds
  Import took 0.008919 seconds .

========================================================================
Received Prepare
Registering precompiled user dll's ...
Registered in 0.011968 seconds.
Begin MonoManager ReloadAssembly
Native extension for WindowsStandalone target not found
Refreshing native plugins compatible for Editor in 0.52 ms, found 1 plugins.
Preloading 0 native plugins for Editor in 0.00 ms.
Invoked RoslynAnalysisRunner static constructor.
RoslynAnalysisRunner will not be running.
RoslynAnalysisRunner has terminated.
Mono: successfully reloaded assembly
- Completed reload, in  1.105 seconds
Platform modules already initialized, skipping
Switching build target platform(5) subTarget(0) extendedPlatform(0) -> platform(13) subTarget(537395200) extendedPlatform(0)
Refreshing native plugins compatible for Editor in 0.55 ms, found 1 plugins.
Preloading 0 native plugins for Editor in 0.00 ms.
Unloading 1802 Unused Serialized files (Serialized files now loaded: 0)
System memory in use before: 84.4 MB.
System memory in use after: 84.5 MB.

Unloading 8 unused Assets to reduce memory usage. Loaded Objects now: 2266.
Total: 2.846300 ms (FindLiveObjects: 0.262200 ms CreateObjectMapping: 0.169300 ms MarkObjects: 2.304200 ms  DeleteObjects: 0.109400 ms)

AssetImportParameters requested are different than current active one (requested -> active):
  custom:graphics/normal-map-encoding: 01000000000000000000000000000000 -> 02000000000000000000000000000000
========================================================================
Received Import Request.
  Time since last request: 1074.376869 seconds.
  path: Assets/ObjectPooling.cs
  artifactKey: Guid(d92f91df4fe0af24a9a35504bb9eba04) Importer(815301076,1909f56bfc062723c751e8b465ee728b)
Start importing Assets/ObjectPooling.cs using Guid(d92f91df4fe0af24a9a35504bb9eba04) Importer(815301076,1909f56bfc062723c751e8b465ee728b)  -> (artifact id: '55084de10ada39b79fe8430939463324') in 0.005264 seconds
  Import took 0.008667 seconds .

========================================================================
Received Prepare
Registering precompiled user dll's ...
Registered in 0.001059 seconds.
Begin MonoManager ReloadAssembly
Native extension for WindowsStandalone target not found
Refreshing native plugins compatible for Editor in 0.51 ms, found 1 plugins.
Preloading 0 native plugins for Editor in 0.00 ms.
Invoked RoslynAnalysisRunner static constructor.
RoslynAnalysisRunner will not be running.
RoslynAnalysisRunner has terminated.
Mono: successfully reloaded assembly
- Completed reload, in  1.313 seconds
Platform modules already initialized, skipping
Switching build target platform(5) subTarget(0) extendedPlatform(0) -> platform(13) subTarget(537395200) extendedPlatform(0)
Refreshing native plugins compatible for Editor in 0.74 ms, found 1 plugins.
Preloading 0 native plugins for Editor in 0.00 ms.
Unloading 1802 Unused Serialized files (Serialized files now loaded: 0)
System memory in use before: 84.5 MB.
System memory in use after: 84.6 MB.

Unloading 8 unused Assets to reduce memory usage. Loaded Objects now: 2270.
Total: 2.959700 ms (FindLiveObjects: 0.269800 ms CreateObjectMapping: 0.220100 ms MarkObjects: 2.310700 ms  DeleteObjects: 0.156900 ms)

AssetImportParameters requested are different than current active one (requested -> active):
  custom:graphics/normal-map-encoding: 01000000000000000000000000000000 -> 02000000000000000000000000000000
========================================================================
Received Import Request.
  Time since last request: 23.554410 seconds.
  path: Assets/ObjectPooling.cs
  artifactKey: Guid(d92f91df4fe0af24a9a35504bb9eba04) Importer(815301076,1909f56bfc062723c751e8b465ee728b)
Start importing Assets/ObjectPooling.cs using Guid(d92f91df4fe0af24a9a35504bb9eba04) Importer(815301076,1909f56bfc062723c751e8b465ee728b)  -> (artifact id: 'd3d8daf4b08a29c749341f20fa19fbec') in 0.006819 seconds
  Import took 0.010359 seconds .

========================================================================
Received Prepare
Registering precompiled user dll's ...
Registered in 0.001088 seconds.
Begin MonoManager ReloadAssembly
Native extension for WindowsStandalone target not found
Refreshing native plugins compatible for Editor in 0.34 ms, found 1 plugins.
Preloading 0 native plugins for Editor in 0.00 ms.
Invoked RoslynAnalysisRunner static constructor.
RoslynAnalysisRunner will not be running.
RoslynAnalysisRunner has terminated.
Mono: successfully reloaded assembly
- Completed reload, in  1.089 seconds
Platform modules already initialized, skipping
Switching build target platform(5) subTarget(0) extendedPlatform(0) -> platform(13) subTarget(537395200) extendedPlatform(0)
Refreshing native plugins compatible for Editor in 0.49 ms, found 1 plugins.
Preloading 0 native plugins for Editor in 0.00 ms.
Unloading 1803 Unused Serialized files (Serialized files now loaded: 0)
System memory in use before: 84.5 MB.
System memory in use after: 84.6 MB.

Unloading 8 unused Assets to reduce memory usage. Loaded Objects now: 2275.
Total: 2.408300 ms (FindLiveObjects: 0.227000 ms CreateObjectMapping: 0.093400 ms MarkObjects: 1.962300 ms  DeleteObjects: 0.124400 ms)

AssetImportParameters requested are different than current active one (requested -> active):
  custom:graphics/normal-map-encoding: 01000000000000000000000000000000 -> 02000000000000000000000000000000
========================================================================
Received Prepare
Registering precompiled user dll's ...
Registered in 0.001766 seconds.
Begin MonoManager ReloadAssembly
Native extension for WindowsStandalone target not found
Refreshing native plugins compatible for Editor in 0.37 ms, found 1 plugins.
Preloading 0 native plugins for Editor in 0.00 ms.
Invoked RoslynAnalysisRunner static constructor.
RoslynAnalysisRunner will not be running.
RoslynAnalysisRunner has terminated.
Mono: successfully reloaded assembly
- Completed reload, in  1.162 seconds
Platform modules already initialized, skipping
Switching build target platform(5) subTarget(0) extendedPlatform(0) -> platform(13) subTarget(537395200) extendedPlatform(0)
Refreshing native plugins compatible for Editor in 0.43 ms, found 1 plugins.
Preloading 0 native plugins for Editor in 0.00 ms.
Unloading 1803 Unused Serialized files (Serialized files now loaded: 0)
System memory in use before: 84.5 MB.
System memory in use after: 84.6 MB.

Unloading 8 unused Assets to reduce memory usage. Loaded Objects now: 2279.
Total: 3.216600 ms (FindLiveObjects: 0.271000 ms CreateObjectMapping: 0.127200 ms MarkObjects: 2.749100 ms  DeleteObjects: 0.067400 ms)

AssetImportParameters requested are different than current active one (requested -> active):
  custom:graphics/normal-map-encoding: 01000000000000000000000000000000 -> 02000000000000000000000000000000
========================================================================
Received Prepare
Registering precompiled user dll's ...
Registered in 0.002189 seconds.
Begin MonoManager ReloadAssembly
Native extension for WindowsStandalone target not found
Refreshing native plugins compatible for Editor in 0.38 ms, found 1 plugins.
Preloading 0 native plugins for Editor in 0.00 ms.
Invoked RoslynAnalysisRunner static constructor.
RoslynAnalysisRunner will not be running.
RoslynAnalysisRunner has terminated.
Mono: successfully reloaded assembly
- Completed reload, in  1.254 seconds
Platform modules already initialized, skipping
Switching build target platform(5) subTarget(0) extendedPlatform(0) -> platform(13) subTarget(537395200) extendedPlatform(0)
Refreshing native plugins compatible for Editor in 0.46 ms, found 1 plugins.
Preloading 0 native plugins for Editor in 0.00 ms.
Unloading 1803 Unused Serialized files (Serialized files now loaded: 0)
System memory in use before: 84.5 MB.
System memory in use after: 84.6 MB.

Unloading 8 unused Assets to reduce memory usage. Loaded Objects now: 2283.
Total: 4.301600 ms (FindLiveObjects: 0.256200 ms CreateObjectMapping: 0.102900 ms MarkObjects: 3.857600 ms  DeleteObjects: 0.083000 ms)

AssetImportParameters requested are different than current active one (requested -> active):
  custom:graphics/normal-map-encoding: 01000000000000000000000000000000 -> 02000000000000000000000000000000
========================================================================
Received Import Request.
  Time since last request: 657.869697 seconds.
  path: Assets/DestroyBall.cs
  artifactKey: Guid(5a9b6ebebf988b44eb6d3f88df87706a) Importer(815301076,1909f56bfc062723c751e8b465ee728b)
Start importing Assets/DestroyBall.cs using Guid(5a9b6ebebf988b44eb6d3f88df87706a) Importer(815301076,1909f56bfc062723c751e8b465ee728b)  -> (artifact id: '907ac4cd2cb531fc93bc1bea5e4c7a20') in 0.032676 seconds
  Import took 0.037868 seconds .

========================================================================
Received Prepare
Registering precompiled user dll's ...
Registered in 0.001026 seconds.
Begin MonoManager ReloadAssembly
Native extension for WindowsStandalone target not found
Refreshing native plugins compatible for Editor in 0.41 ms, found 1 plugins.
Preloading 0 native plugins for Editor in 0.00 ms.
Invoked RoslynAnalysisRunner static constructor.
RoslynAnalysisRunner will not be running.
RoslynAnalysisRunner has terminated.
Mono: successfully reloaded assembly
- Completed reload, in  1.327 seconds
Platform modules already initialized, skipping
Switching build target platform(5) subTarget(0) extendedPlatform(0) -> platform(13) subTarget(537395200) extendedPlatform(0)
Refreshing native plugins compatible for Editor in 0.47 ms, found 1 plugins.
Preloading 0 native plugins for Editor in 0.00 ms.
Unloading 1803 Unused Serialized files (Serialized files now loaded: 0)
System memory in use before: 84.5 MB.
System memory in use after: 84.6 MB.

Unloading 8 unused Assets to reduce memory usage. Loaded Objects now: 2287.
Total: 3.188500 ms (FindLiveObjects: 0.715200 ms CreateObjectMapping: 0.137600 ms MarkObjects: 2.162100 ms  DeleteObjects: 0.075600 ms)

AssetImportParameters requested are different than current active one (requested -> active):
  custom:graphics/normal-map-encoding: 01000000000000000000000000000000 -> 02000000000000000000000000000000
========================================================================
Received Import Request.
  Time since last request: 239.368314 seconds.
  path: Assets/DeactivateBall.cs
  artifactKey: Guid(5a9b6ebebf988b44eb6d3f88df87706a) Importer(815301076,1909f56bfc062723c751e8b465ee728b)
Start importing Assets/DeactivateBall.cs using Guid(5a9b6ebebf988b44eb6d3f88df87706a) Importer(815301076,1909f56bfc062723c751e8b465ee728b)  -> (artifact id: 'f688dcaa006bccbbd5c27e176c483315') in 0.015291 seconds
  Import took 0.019254 seconds .

========================================================================
Received Import Request.
  Time since last request: 2.199893 seconds.
  path: Assets
  artifactKey: Guid(00000000000000001000000000000000) Importer(815301076,1909f56bfc062723c751e8b465ee728b)
Start importing Assets using Guid(00000000000000001000000000000000) Importer(815301076,1909f56bfc062723c751e8b465ee728b)  -> (artifact id: 'a6374019befeac6ce670f13ba9960efb') in 0.010951 seconds
  Import took 0.014688 seconds .

========================================================================
Received Import Request.
  Time since last request: 5.792071 seconds.
  path: Assets/scripts
  artifactKey: Guid(6d41834d5a0af524c997e9ac27e287e0) Importer(815301076,1909f56bfc062723c751e8b465ee728b)
Start importing Assets/scripts using Guid(6d41834d5a0af524c997e9ac27e287e0) Importer(815301076,1909f56bfc062723c751e8b465ee728b)  -> (artifact id: '268066b264d36858ca4d387e2f1375d7') in 0.016096 seconds
  Import took 0.021415 seconds .

========================================================================
Received Prepare
Registering precompiled user dll's ...
Registered in 0.001043 seconds.
Begin MonoManager ReloadAssembly
Native extension for WindowsStandalone target not found
Refreshing native plugins compatible for Editor in 0.38 ms, found 1 plugins.
Preloading 0 native plugins for Editor in 0.00 ms.
Invoked RoslynAnalysisRunner static constructor.
RoslynAnalysisRunner will not be running.
RoslynAnalysisRunner has terminated.
Mono: successfully reloaded assembly
- Completed reload, in  1.189 seconds
Platform modules already initialized, skipping
Switching build target platform(5) subTarget(0) extendedPlatform(0) -> platform(13) subTarget(537395200) extendedPlatform(0)
Refreshing native plugins compatible for Editor in 0.44 ms, found 1 plugins.
Preloading 0 native plugins for Editor in 0.00 ms.
Unloading 1803 Unused Serialized files (Serialized files now loaded: 0)
System memory in use before: 84.5 MB.
System memory in use after: 84.6 MB.

Unloading 8 unused Assets to reduce memory usage. Loaded Objects now: 2291.
Total: 2.843800 ms (FindLiveObjects: 0.599400 ms CreateObjectMapping: 0.133700 ms MarkObjects: 2.023700 ms  DeleteObjects: 0.084400 ms)

AssetImportParameters requested are different than current active one (requested -> active):
  custom:graphics/normal-map-encoding: 01000000000000000000000000000000 -> 02000000000000000000000000000000
========================================================================
Received Prepare
Registering precompiled user dll's ...
Registered in 0.001719 seconds.
Begin MonoManager ReloadAssembly
Native extension for WindowsStandalone target not found
Refreshing native plugins compatible for Editor in 0.35 ms, found 1 plugins.
Preloading 0 native plugins for Editor in 0.00 ms.
Invoked RoslynAnalysisRunner static constructor.
RoslynAnalysisRunner will not be running.
RoslynAnalysisRunner has terminated.
Mono: successfully reloaded assembly
- Completed reload, in  1.369 seconds
Platform modules already initialized, skipping
Switching build target platform(5) subTarget(0) extendedPlatform(0) -> platform(13) subTarget(537395200) extendedPlatform(0)
Refreshing native plugins compatible for Editor in 0.38 ms, found 1 plugins.
Preloading 0 native plugins for Editor in 0.00 ms.
Unloading 1803 Unused Serialized files (Serialized files now loaded: 0)
System memory in use before: 84.6 MB.
System memory in use after: 84.6 MB.

Unloading 8 unused Assets to reduce memory usage. Loaded Objects now: 2295.
Total: 2.721400 ms (FindLiveObjects: 0.297900 ms CreateObjectMapping: 0.158200 ms MarkObjects: 2.185900 ms  DeleteObjects: 0.073400 ms)

AssetImportParameters requested are different than current active one (requested -> active):
  custom:graphics/normal-map-encoding: 01000000000000000000000000000000 -> 02000000000000000000000000000000
========================================================================
Received Import Request.
  Time since last request: 20.671674 seconds.
  path: Assets/prefabs
  artifactKey: Guid(02ce353042bbd514e838370b1a1e3230) Importer(815301076,1909f56bfc062723c751e8b465ee728b)
Start importing Assets/prefabs using Guid(02ce353042bbd514e838370b1a1e3230) Importer(815301076,1909f56bfc062723c751e8b465ee728b)  -> (artifact id: '17dee20aa53dad63161c0a2627b2147f') in 0.026139 seconds
  Import took 0.031287 seconds .

========================================================================
Received Import Request.
  Time since last request: 5.637520 seconds.
  path: Assets/prefabs/Ball.prefab
  artifactKey: Guid(c3be4e774321e914e808fb10a5c39a2b) Importer(815301076,1909f56bfc062723c751e8b465ee728b)
Start importing Assets/prefabs/Ball.prefab using Guid(c3be4e774321e914e808fb10a5c39a2b) Importer(815301076,1909f56bfc062723c751e8b465ee728b)  -> (artifact id: 'a26b865606e4188c1481081b128ef572') in 0.414684 seconds
  Import took 0.417990 seconds .

========================================================================
Received Prepare
Registering precompiled user dll's ...
Registered in 0.002241 seconds.
Begin MonoManager ReloadAssembly
Native extension for WindowsStandalone target not found
Refreshing native plugins compatible for Editor in 0.41 ms, found 1 plugins.
Preloading 0 native plugins for Editor in 0.00 ms.
Invoked RoslynAnalysisRunner static constructor.
RoslynAnalysisRunner will not be running.
RoslynAnalysisRunner has terminated.
Mono: successfully reloaded assembly
- Completed reload, in  1.049 seconds
Platform modules already initialized, skipping
Switching build target platform(5) subTarget(0) extendedPlatform(0) -> platform(13) subTarget(537395200) extendedPlatform(0)
Refreshing native plugins compatible for Editor in 0.43 ms, found 1 plugins.
Preloading 0 native plugins for Editor in 0.00 ms.
Unloading 1803 Unused Serialized files (Serialized files now loaded: 0)
System memory in use before: 87.7 MB.
System memory in use after: 87.8 MB.

Unloading 8 unused Assets to reduce memory usage. Loaded Objects now: 2306.
Total: 3.481000 ms (FindLiveObjects: 0.783800 ms CreateObjectMapping: 0.357500 ms MarkObjects: 2.215900 ms  DeleteObjects: 0.120900 ms)

AssetImportParameters requested are different than current active one (requested -> active):
  custom:graphics/normal-map-encoding: 01000000000000000000000000000000 -> 02000000000000000000000000000000
AssetImportWorkerClient::OnTransportError - code=2 error=End of file
